{
  "RSpec": {
    "coverage": {
      "/Users/sarahgarlock/turing/3mod/projects/lunch_learn/config/environment.rb": {
        "lines": [
          null,
          1,
          null,
          null,
          1
        ]
      },
      "/Users/sarahgarlock/turing/3mod/projects/lunch_learn/config/application.rb": {
        "lines": [
          1,
          null,
          1,
          null,
          1,
          1,
          1,
          1,
          1,
          1,
          1,
          1,
          1,
          1,
          null,
          null,
          null,
          null,
          1,
          null,
          1,
          1,
          null,
          1,
          null,
          null,
          null,
          null,
          null,
          null,
          null,
          null,
          null,
          null,
          null,
          null,
          1,
          null,
          null
        ]
      },
      "/Users/sarahgarlock/turing/3mod/projects/lunch_learn/config/boot.rb": {
        "lines": [
          1,
          null,
          1,
          1
        ]
      },
      "/Users/sarahgarlock/turing/3mod/projects/lunch_learn/config/environments/test.rb": {
        "lines": [
          1,
          null,
          null,
          null,
          null,
          null,
          null,
          1,
          null,
          null,
          null,
          1,
          null,
          null,
          null,
          null,
          1,
          null,
          null,
          1,
          1,
          null,
          null,
          null,
          null,
          1,
          1,
          1,
          null,
          null,
          1,
          null,
          null,
          1,
          null,
          null,
          1,
          null,
          1,
          null,
          null,
          null,
          null,
          1,
          null,
          null,
          1,
          null,
          null,
          1,
          null,
          null,
          1,
          null,
          null,
          null,
          null,
          null,
          null,
          null
        ]
      },
      "/Users/sarahgarlock/turing/3mod/projects/lunch_learn/config/initializers/cors.rb": {
        "lines": [
          null,
          null,
          null,
          null,
          null,
          null,
          null,
          null,
          null,
          null,
          null,
          null,
          null,
          null,
          null,
          null
        ]
      },
      "/Users/sarahgarlock/turing/3mod/projects/lunch_learn/config/initializers/filter_parameter_logging.rb": {
        "lines": [
          null,
          null,
          null,
          null,
          null,
          1,
          null,
          null
        ]
      },
      "/Users/sarahgarlock/turing/3mod/projects/lunch_learn/config/initializers/inflections.rb": {
        "lines": [
          null,
          null,
          null,
          null,
          null,
          null,
          null,
          null,
          null,
          null,
          null,
          null,
          null,
          null,
          null,
          null
        ]
      },
      "/Users/sarahgarlock/turing/3mod/projects/lunch_learn/config/routes.rb": {
        "lines": [
          1,
          null,
          null,
          null,
          null,
          null,
          1,
          1,
          1,
          1,
          1,
          null,
          null,
          null
        ]
      },
      "/Users/sarahgarlock/turing/3mod/projects/lunch_learn/app/controllers/api/v1/learning_resources_controller.rb": {
        "lines": [
          1,
          1,
          1,
          0,
          0,
          null,
          null,
          1,
          null,
          null
        ]
      },
      "/Users/sarahgarlock/turing/3mod/projects/lunch_learn/app/controllers/application_controller.rb": {
        "lines": [
          1,
          null
        ]
      },
      "/Users/sarahgarlock/turing/3mod/projects/lunch_learn/app/poros/learning_resource.rb": {
        "lines": [
          1,
          1,
          null,
          null,
          null,
          null,
          null,
          1,
          1,
          1,
          1,
          1,
          1,
          null,
          null
        ]
      }
    },
    "timestamp": 1691460298
  }
}
